<?xml version="1.0" encoding="UTF-8"?>
<testsuite name="com.example.Application.ApplicationTests" tests="1" skipped="0" failures="0" errors="0" timestamp="2023-10-23T11:36:23" hostname="OSKAR" time="0.197">
  <properties/>
  <testcase name="contextLoads()" classname="com.example.Application.ApplicationTests" time="0.197"/>
  <system-out><![CDATA[14:36:18.701 [Test worker] DEBUG org.springframework.boot.test.context.SpringBootTestContextBootstrapper -- Neither @ContextConfiguration nor @ContextHierarchy found for test class [ApplicationTests]: using SpringBootContextLoader
14:36:18.708 [Test worker] DEBUG org.springframework.test.context.support.AbstractContextLoader -- Could not detect default resource locations for test class [com.example.Application.ApplicationTests]: no resource found for suffixes {-context.xml, Context.groovy}.
14:36:18.710 [Test worker] INFO org.springframework.test.context.support.AnnotationConfigContextLoaderUtils -- Could not detect default configuration classes for test class [com.example.Application.ApplicationTests]: ApplicationTests does not declare any static, non-private, non-final, nested classes annotated with @Configuration.
14:36:18.741 [Test worker] DEBUG org.springframework.boot.test.context.SpringBootTestContextBootstrapper -- Using ContextCustomizers for test class [ApplicationTests]: [DisableObservabilityContextCustomizer, PropertyMappingContextCustomizer, Customizer, ExcludeFilterContextCustomizer, DuplicateJsonObjectContextCustomizer, MockitoContextCustomizer, TestRestTemplateContextCustomizer]
14:36:18.828 [Test worker] DEBUG org.springframework.context.annotation.ClassPathScanningCandidateComponentProvider -- Identified candidate component class: file [C:\Users\oskar\Downloads\Shop-master\Shop-master\build\classes\java\main\com\example\Application\Application.class]
14:36:18.829 [Test worker] INFO org.springframework.boot.test.context.SpringBootTestContextBootstrapper -- Found @SpringBootConfiguration com.example.Application.Application for test class com.example.Application.ApplicationTests
14:36:18.938 [Test worker] DEBUG org.springframework.boot.test.context.SpringBootTestContextBootstrapper -- Using TestExecutionListeners for test class [ApplicationTests]: [ServletTestExecutionListener, DirtiesContextBeforeModesTestExecutionListener, ApplicationEventsTestExecutionListener, MockitoTestExecutionListener, DependencyInjectionTestExecutionListener, DirtiesContextTestExecutionListener, TransactionalTestExecutionListener, SqlScriptsTestExecutionListener, EventPublishingTestExecutionListener, RestDocsTestExecutionListener, MockRestServiceServerResetTestExecutionListener, MockMvcPrintOnlyOnFailureTestExecutionListener, WebDriverTestExecutionListener, MockWebServiceServerTestExecutionListener, ResetMocksTestExecutionListener]
14:36:18.939 [Test worker] DEBUG org.springframework.test.context.support.AbstractDirtiesContextTestExecutionListener -- Before test class: class [ApplicationTests], class annotated with @DirtiesContext [false] with mode [null]

  .   ____          _            __ _ _
 /\\ / ___'_ __ _ _(_)_ __  __ _ \ \ \ \
( ( )\___ | '_ | '_| | '_ \/ _` | \ \ \ \
 \\/  ___)| |_)| | | | | || (_| |  ) ) ) )
  '  |____| .__|_| |_|_| |_\__, | / / / /
 =========|_|==============|___/=/_/_/_/
 :: Spring Boot ::                (v3.0.6)

2023-10-23T14:36:19.244+03:00  INFO 7376 --- [    Test worker] c.example.Application.ApplicationTests   : Starting ApplicationTests using Java 17.0.8.1 with PID 7376 (started by oskar in C:\Users\oskar\Downloads\Shop-master\Shop-master)
2023-10-23T14:36:19.246+03:00  INFO 7376 --- [    Test worker] c.example.Application.ApplicationTests   : No active profile set, falling back to 1 default profile: "default"
2023-10-23T14:36:20.231+03:00  INFO 7376 --- [    Test worker] .s.d.r.c.RepositoryConfigurationDelegate : Bootstrapping Spring Data JPA repositories in DEFAULT mode.
2023-10-23T14:36:20.296+03:00  INFO 7376 --- [    Test worker] .s.d.r.c.RepositoryConfigurationDelegate : Finished Spring Data repository scanning in 52 ms. Found 2 JPA repository interfaces.
2023-10-23T14:36:20.741+03:00  INFO 7376 --- [    Test worker] o.hibernate.jpa.internal.util.LogHelper  : HHH000204: Processing PersistenceUnitInfo [name: default]
2023-10-23T14:36:20.810+03:00  INFO 7376 --- [    Test worker] org.hibernate.Version                    : HHH000412: Hibernate ORM core version 6.1.7.Final
2023-10-23T14:36:21.153+03:00  INFO 7376 --- [    Test worker] com.zaxxer.hikari.HikariDataSource       : HikariPool-1 - Starting...
2023-10-23T14:36:21.465+03:00  INFO 7376 --- [    Test worker] com.zaxxer.hikari.pool.HikariPool        : HikariPool-1 - Added connection com.mysql.cj.jdbc.ConnectionImpl@749f61a3
2023-10-23T14:36:21.467+03:00  INFO 7376 --- [    Test worker] com.zaxxer.hikari.HikariDataSource       : HikariPool-1 - Start completed.
2023-10-23T14:36:21.541+03:00  INFO 7376 --- [    Test worker] SQL dialect                              : HHH000400: Using dialect: org.hibernate.dialect.MySQLDialect
2023-10-23T14:36:22.490+03:00  INFO 7376 --- [    Test worker] o.h.e.t.j.p.i.JtaPlatformInitiator       : HHH000490: Using JtaPlatform implementation: [org.hibernate.engine.transaction.jta.platform.internal.NoJtaPlatform]
2023-10-23T14:36:22.500+03:00  INFO 7376 --- [    Test worker] j.LocalContainerEntityManagerFactoryBean : Initialized JPA EntityManagerFactory for persistence unit 'default'
2023-10-23T14:36:22.977+03:00  WARN 7376 --- [    Test worker] JpaBaseConfiguration$JpaWebConfiguration : spring.jpa.open-in-view is enabled by default. Therefore, database queries may be performed during view rendering. Explicitly configure spring.jpa.open-in-view to disable this warning
2023-10-23T14:36:23.149+03:00  INFO 7376 --- [    Test worker] o.s.b.a.w.s.WelcomePageHandlerMapping    : Adding welcome page template: index
2023-10-23T14:36:23.537+03:00  INFO 7376 --- [    Test worker] o.s.b.a.e.web.EndpointLinksResolver      : Exposing 1 endpoint(s) beneath base path '/actuator'
2023-10-23T14:36:23.599+03:00  INFO 7376 --- [    Test worker] c.example.Application.ApplicationTests   : Started ApplicationTests in 4.618 seconds (process running for 5.961)
]]></system-out>
  <system-err><![CDATA[]]></system-err>
</testsuite>
